<?xml version="1.0" encoding="UTF-8"?>
<Site BuildName="Darwin-clang++"
	BuildStamp="20251214-2123-Experimental"
	Name="Leos-MacBook-Air-7.local"
	Generator="ctest-3.30.5"
	CompilerName="/usr/bin/clang++"
	CompilerVersion="17.0.0.17000013"
	OSName="macOS"
	Hostname="Leos-MacBook-Air-7.local"
	OSRelease="15.5"
	OSVersion="24F74"
	OSPlatform="arm64"
	Is64Bits="1"
	VendorString="Apple"
	VendorID="Apple"
	FamilyID="0"
	ModelID="0"
	ProcessorCacheSize="131072"
	NumberOfLogicalCPU="8"
	NumberOfPhysicalCPU="8"
	TotalVirtualMemory="7168"
	TotalPhysicalMemory="8192"
	LogicalProcessorsPerPhysical="8"
	ProcessorClockFrequency="0"
	>
	<Testing>
		<StartDateTime>Dec 14 23:58 GMT</StartDateTime>
		<StartTestTime>1765756680</StartTestTime>
		<TestList/>
		<EndDateTime>Dec 14 23:58 GMT</EndDateTime>
		<EndTestTime>1765756680</EndTestTime>
		<ElapsedMinutes>0</ElapsedMinutes>
	</Testing>
</Site>
